2025-06-18 07:05:55,473 WARNING database DDL Query made to DB:
create table `tabQuotation` (
			name varchar(140) primary key,
			creation datetime(6),
			modified datetime(6),
			modified_by varchar(140),
			owner varchar(140),
			docstatus int(1) not null default '0',
			idx int(8) not null default '0',
			`amended_from` varchar(140),
`_user_tags` text,
`_comments` text,
`_assign` text,
`_liked_by` text,
index `amended_from`(`amended_from`),
index modified(modified))
			ENGINE=InnoDB
			ROW_FORMAT=DYNAMIC
			CHARACTER SET=utf8mb4
			COLLATE=utf8mb4_unicode_ci
2025-06-18 07:10:01,829 WARNING database DDL Query made to DB:
create table `tabQuotation Item` (
			name varchar(140) primary key,
			creation datetime(6),
			modified datetime(6),
			modified_by varchar(140),
			owner varchar(140),
			docstatus int(1) not null default '0',
			idx int(8) not null default '0',
			parent varchar(140),
parentfield varchar(140),
parenttype varchar(140),
index parent(parent))
			ENGINE=InnoDB
			ROW_FORMAT=DYNAMIC
			CHARACTER SET=utf8mb4
			COLLATE=utf8mb4_unicode_ci
2025-06-18 07:12:43,684 WARNING database DDL Query made to DB:
alter table `tabQuotation` add column if not exists parent varchar(140)
2025-06-18 07:12:43,696 WARNING database DDL Query made to DB:
alter table `tabQuotation` add column if not exists parenttype varchar(140)
2025-06-18 07:12:43,703 WARNING database DDL Query made to DB:
alter table `tabQuotation` add column if not exists parentfield varchar(140)
2025-06-18 07:12:43,738 WARNING database DDL Query made to DB:
ALTER TABLE `tabQuotation` ADD COLUMN `quotation_to` varchar(140), ADD COLUMN `lead` varchar(140), ADD COLUMN `customer` varchar(140), ADD COLUMN `grand_total` decimal(21,9) not null default 0, ADD COLUMN `valid_till` date, ADD COLUMN `status` varchar(140)
2025-06-18 07:13:15,408 WARNING database DDL Query made to DB:
create table `tabDeal Closure` (
			name varchar(140) primary key,
			creation datetime(6),
			modified datetime(6),
			modified_by varchar(140),
			owner varchar(140),
			docstatus int(1) not null default '0',
			idx int(8) not null default '0',
			`amended_from` varchar(140),
`_user_tags` text,
`_comments` text,
`_assign` text,
`_liked_by` text,
index `amended_from`(`amended_from`),
index modified(modified))
			ENGINE=InnoDB
			ROW_FORMAT=DYNAMIC
			CHARACTER SET=utf8mb4
			COLLATE=utf8mb4_unicode_ci
2025-06-18 07:13:58,189 WARNING database DDL Query made to DB:
ALTER TABLE `tabDeal Closure` ADD COLUMN `quotation` varchar(140), ADD COLUMN `status` varchar(140), ADD COLUMN `closed_on` date, ADD COLUMN `remarks` text
2025-06-18 07:39:50,083 WARNING database DDL Query made to DB:
ALTER TABLE `tabOpportunity` MODIFY `expected_value` decimal(21,9) not null default 0
2025-06-18 07:40:24,538 WARNING database DDL Query made to DB:
alter table `tabQuotation Item` add column if not exists parent varchar(140)
2025-06-18 07:40:24,539 WARNING database DDL Query made to DB:
alter table `tabQuotation Item` add column if not exists parenttype varchar(140)
2025-06-18 07:40:24,540 WARNING database DDL Query made to DB:
alter table `tabQuotation Item` add column if not exists parentfield varchar(140)
2025-06-18 07:40:24,572 WARNING database DDL Query made to DB:
ALTER TABLE `tabQuotation Item` MODIFY `rate` decimal(21,9) not null default 0, MODIFY `amount` decimal(21,9) not null default 0
2025-06-18 07:44:49,640 WARNING database DDL Query made to DB:
ALTER TABLE `tabProduct` MODIFY `price` decimal(21,9) not null default 0
2025-06-18 08:00:20,806 WARNING database DDL Query made to DB:
ALTER TABLE `tabOpportunity` ADD COLUMN `workflow_state` varchar(140)
2025-06-18 08:00:20,814 WARNING database DDL Query made to DB:
ALTER TABLE `tabOpportunity` MODIFY `expected_value` decimal(21,9) not null default 0
2025-06-18 08:06:17,469 WARNING database DDL Query made to DB:
alter table `tabQuotation` add column if not exists parent varchar(140)
2025-06-18 08:06:17,470 WARNING database DDL Query made to DB:
alter table `tabQuotation` add column if not exists parenttype varchar(140)
2025-06-18 08:06:17,471 WARNING database DDL Query made to DB:
alter table `tabQuotation` add column if not exists parentfield varchar(140)
2025-06-18 08:06:17,511 WARNING database DDL Query made to DB:
ALTER TABLE `tabQuotation` MODIFY `grand_total` decimal(21,9) not null default 0
