2025-06-18 06:41:52,511 ERROR frappe New Exception collected in error log
Site: frontend
Form Dict: {'doc': '{"name":"EnerTech CRM","creation":"2025-06-18 11:46:15.765701","modified":"2025-06-18 11:46:15.765701","modified_by":"Administrator","owner":"Administrator","docstatus":0,"idx":0,"module_name":"EnerTech CRM","custom":0,"package":"","app_name":"frappe","doctype":"Module Def","__last_sync_on":"2025-06-18T06:41:40.442Z","__unsaved":1}', 'action': 'Save', 'cmd': 'frappe.desk.form.save.savedocs'}
2025-06-18 06:42:19,095 ERROR frappe New Exception collected in error log
Site: frontend
Form Dict: {'docs': '{"name":"Lead","creation":"2025-06-18 11:53:29.968229","modified":"2025-06-18 11:53:29.968229","modified_by":"Administrator","owner":"Administrator","docstatus":0,"idx":0,"issingle":0,"is_virtual":0,"is_tree":0,"istable":0,"editable_grid":0,"track_changes":0,"module":"EnerTech CRM","naming_rule":"","sort_field":"modified","sort_order":"DESC","read_only":0,"in_create":0,"allow_copy":0,"allow_rename":1,"allow_import":0,"hide_toolbar":0,"track_seen":0,"max_attachments":0,"document_type":"","engine":"InnoDB","is_submittable":0,"show_name_in_global_search":0,"custom":0,"beta":0,"has_web_view":0,"allow_guest_to_view":0,"email_append_to":0,"show_title_field_in_link":0,"translated_doctype":0,"is_calendar_and_gantt":0,"quick_entry":0,"grid_page_length":50,"track_views":0,"queue_in_background":0,"allow_events_in_timeline":0,"allow_auto_repeat":0,"make_attachments_public":0,"force_re_route_to_default_view":0,"show_preview_popup":0,"protect_attached_files":0,"index_web_pages_for_search":1,"row_format":"Dynamic","doctype":"DocType","states":[],"fields":[{"name":"4ejah9rrlg","creation":"2025-06-18 11:53:29.968229","modified":"2025-06-18 11:53:29.968229","modified_by":"Administrator","owner":"Administrator","docstatus":0,"parent":"Lead","parentfield":"fields","parenttype":"DocType","idx":1,"fieldname":"section_break_aady","fieldtype":"Section Break","search_index":0,"show_dashboard":0,"hidden":0,"set_only_once":0,"allow_in_quick_entry":0,"print_hide":0,"report_hide":0,"reqd":0,"bold":0,"in_global_search":0,"collapsible":0,"unique":0,"no_copy":0,"allow_on_submit":0,"show_preview_popup":0,"permlevel":0,"ignore_user_permissions":0,"columns":0,"in_list_view":0,"fetch_if_empty":0,"in_filter":0,"remember_last_selected_value":0,"ignore_xss_filter":0,"print_hide_if_no_value":0,"allow_bulk_edit":0,"in_standard_filter":0,"in_preview":0,"read_only":0,"precision":"","length":0,"translatable":0,"hide_border":0,"hide_days":0,"hide_seconds":0,"non_negative":0,"is_virtual":0,"sort_options":0,"show_on_timeline":0,"make_attachment_public":0,"doctype":"DocField"}],"permissions":[{"name":"4ejn9g3qn8","creation":"2025-06-18 11:53:29.968229","modified":"2025-06-18 11:53:29.968229","modified_by":"Administrator","owner":"Administrator","docstatus":0,"parent":"Lead","parentfield":"permissions","parenttype":"DocType","idx":1,"permlevel":0,"role":"System Manager","read":1,"write":1,"create":1,"submit":0,"cancel":0,"delete":1,"amend":0,"report":1,"export":1,"import":0,"share":1,"print":1,"email":1,"if_owner":0,"select":0,"doctype":"DocPerm"}],"actions":[],"links":[],"__last_sync_on":"2025-06-18T06:42:15.740Z"}', 'method': 'check_pending_migration', 'cmd': 'run_doc_method'}
2025-06-18 07:21:37,740 ERROR frappe New Exception collected in error log
Site: frontend
Form Dict: {'txt': 'Mark as Lost', 'doctype': 'Workflow Action Master', 'ignore_user_permissions': '0', 'reference_doctype': 'Workflow Transition', 'page_length': '10', 'cmd': 'frappe.desk.search.search_link'}
2025-06-18 08:35:50,106 ERROR frappe New Exception collected in error log
Site: frontend
Form Dict: {'role': 'Workspace Manager', 'permlevel': '0', 'doctype': 'Workspace', 'ptype': 'import', 'value': '1', 'if_owner': '0', 'cmd': 'frappe.core.page.permission_manager.permission_manager.update'}
2025-06-18 08:35:58,340 ERROR frappe New Exception collected in error log
Site: frontend
Form Dict: {'role': 'Workspace Manager', 'permlevel': '0', 'doctype': 'Workspace', 'ptype': 'import', 'value': '1', 'if_owner': '0', 'cmd': 'frappe.core.page.permission_manager.permission_manager.update'}
2025-06-18 08:36:32,454 ERROR frappe New Exception collected in error log
Site: frontend
Form Dict: {'parent': 'Workspace', 'role': 'System Manager', 'permlevel': '0', 'cmd': 'frappe.core.page.permission_manager.permission_manager.add'}
2025-06-18 08:40:14,303 ERROR frappe New Exception collected in error log
Site: frontend
Form Dict: {'parent': 'Workspace', 'role': 'System Manager', 'permlevel': '0', 'cmd': 'frappe.core.page.permission_manager.permission_manager.add'}
2025-06-18 08:40:30,200 ERROR frappe New Exception collected in error log
Site: frontend
Form Dict: {'parent': 'Workspace', 'role': 'System Manager', 'permlevel': '0', 'cmd': 'frappe.core.page.permission_manager.permission_manager.add'}
2025-06-18 08:46:17,617 ERROR frappe New Exception collected in error log
Site: frontend
Form Dict: {'doc': '{"docstatus":0,"doctype":"Workspace","name":"new-workspace-gxnnddnpbh","__islocal":1,"__unsaved":1,"owner":"Administrator","indicator_color":"green","hide_custom":0,"public":0,"is_hidden":0,"content":"[]","number_cards":[],"charts":[],"shortcuts":[],"links":[],"quick_lists":[],"custom_blocks":[],"roles":[],"label":"EnerTech CRM"}', 'action': 'Save', 'cmd': 'frappe.desk.form.save.savedocs'}
2025-06-18 08:46:22,198 ERROR frappe New Exception collected in error log
Site: frontend
Form Dict: {'doc': '{"docstatus":0,"doctype":"Workspace","name":"new-workspace-gxnnddnpbh","__islocal":1,"__unsaved":1,"owner":"Administrator","indicator_color":"green","hide_custom":0,"public":0,"is_hidden":0,"content":"[]","number_cards":[],"charts":[],"shortcuts":[],"links":[],"quick_lists":[],"custom_blocks":[],"roles":[],"label":"EnerTech CRM"}', 'action': 'Save', 'cmd': 'frappe.desk.form.save.savedocs'}
2025-06-18 08:46:30,870 ERROR frappe New Exception collected in error log
Site: frontend
Form Dict: {'doc': '{"docstatus":0,"doctype":"Workspace","name":"new-workspace-gxnnddnpbh","__islocal":1,"__unsaved":1,"owner":"Administrator","indicator_color":"green","hide_custom":0,"public":0,"is_hidden":0,"content":"[]","number_cards":[],"charts":[],"shortcuts":[],"links":[],"quick_lists":[],"custom_blocks":[],"roles":[],"label":"EnerTechCRM"}', 'action': 'Save', 'cmd': 'frappe.desk.form.save.savedocs'}
2025-06-18 08:48:07,131 ERROR frappe New Exception collected in error log
Site: frontend
Form Dict: {'doc': '{"docstatus":0,"doctype":"Workspace","name":"new-workspace-yynlruoojn","__islocal":1,"__unsaved":1,"owner":"Administrator","indicator_color":"green","hide_custom":0,"public":0,"is_hidden":0,"content":"[]","number_cards":[],"charts":[],"shortcuts":[],"links":[],"quick_lists":[],"custom_blocks":[],"roles":[],"label":"EnerTechCRM"}', 'action': 'Save', 'cmd': 'frappe.desk.form.save.savedocs'}
2025-06-18 08:48:32,902 ERROR frappe New Exception collected in error log
Site: frontend
Form Dict: {'doc': '{"docstatus":0,"doctype":"Workspace","name":"new-workspace-cbztpwhchj","__islocal":1,"__unsaved":1,"owner":"Administrator","indicator_color":"green","hide_custom":0,"public":0,"is_hidden":0,"content":"[]","number_cards":[],"charts":[],"shortcuts":[],"links":[],"quick_lists":[],"custom_blocks":[],"roles":[],"label":"EnerTech CRM"}', 'action': 'Save', 'cmd': 'frappe.desk.form.save.savedocs'}
2025-06-18 08:50:26,166 ERROR frappe New Exception collected in error log
Site: frontend
Form Dict: {'doc': '{"docstatus":0,"doctype":"Workspace","name":"new-workspace-aujahaiplf","__islocal":1,"__unsaved":1,"owner":"Administrator","indicator_color":"green","hide_custom":0,"public":0,"is_hidden":0,"content":"[]","number_cards":[],"charts":[],"shortcuts":[],"links":[],"quick_lists":[],"custom_blocks":[],"roles":[],"label":"EnerTech CRM","title":"EnerTech CRM"}', 'action': 'Save', 'cmd': 'frappe.desk.form.save.savedocs'}
